<?xml version="1.0" encoding="UTF-8"?>
<!-- Generated by org.testng.reporters.JUnitReportReporter -->
<testsuite hostname="ram-desktop" failures="0" tests="1" name="com.RestAssured.L1GetMethod" time="4.349" errors="0" timestamp="2025-06-29T11:20:37 IST" skipped="0">
  <testcase classname="com.RestAssured.L1GetMethod" name="getAllStore" time="4.349"/>
</testsuite> <!-- com.RestAssured.L1GetMethod -->
